[2mThe cluster will be torn down after 1 minutes of idleness (after all jobs finish).[0m
Considered resources (1 node):
----------------------------------------------------------------------------------------------------------
 INFRA                            INSTANCE                 vCPUs   Mem(GB)   GPUS     COST ($)   CHOSEN   
----------------------------------------------------------------------------------------------------------
 Vast (The Netherlands, NL, EU)   1x-Tesla_V100-32-65536   32      64        V100:1   0.18       [32m   âœ”[0m     
----------------------------------------------------------------------------------------------------------
[0mâš™ï¸ Launching on Vast The Netherlands, NL, EU[0m.
[2mâ””â”€â”€ [0m[2mInstance is up.[0m
[0m[32mâœ“ Cluster launched: test-unique-gpu.[0m[0m  [2mView logs: [1msky logs --provision test-unique-gpu[0m[0m
[0mâš™ï¸ Syncing files.
  [2mSyncing workdir (to 1 node): /Users/julianschulz/Projects/cloned_repos/research-scaffold -> ~/sky_workdir[0m
[0m[32mâœ“ Synced workdir.[0m[0m  [2mView logs: sky api logs -l sky-2025-12-03-15-39-30-803093/workdir_sync.log[0m
  [2mSyncing (to 1 node): /Users/julianschulz/Projects/cloned_repos/research-scaffold/.env -> ~/sky_workdir/.env[0m
  [2mSyncing (to 1 node): /Users/julianschulz/Projects/cloned_repos/research-scaffold/.envrc -> ~/sky_workdir/.envrc[0m
[0m[32mâœ“ Synced file_mounts.[0m[0m  [2mView logs: sky api logs -l sky-2025-12-03-15-39-30-803093/file_mounts.log[0m
[0m[32mâœ“ Setup detached.[0m[0m
[0mâš™ï¸ Job submitted, ID: 1

--- Job output ---
Job ID not provided. Streaming the logs of the latest job.
[2mâ”œâ”€â”€ [0m[2mWaiting for task resources on 1 node.[0m
[2mâ””â”€â”€ [0mJob started. Streaming logs... [2m(Ctrl-C to exit log streaming; job will not be killed)[0m
[36m(setup pid=1704)[0m Collecting wandb (from -r requirements.txt (line 2))
[36m(setup pid=1704)[0m   Downloading wandb-0.23.1-py3-none-manylinux_2_28_x86_64.whl.metadata (12 kB)
[36m(setup pid=1704)[0m Collecting beartype (from -r requirements.txt (line 3))
[36m(setup pid=1704)[0m   Downloading beartype-0.22.8-py3-none-any.whl.metadata (36 kB)
[36m(setup pid=1704)[0m Collecting pyyaml (from -r requirements.txt (line 4))
[36m(setup pid=1704)[0m   Downloading pyyaml-6.0.3-cp310-cp310-manylinux2014_x86_64.manylinux_2_17_x86_64.manylinux_2_28_x86_64.whl.metadata (2.4 kB)
[36m(setup pid=1704)[0m Requirement already satisfied: tqdm in /root/miniconda3/lib/python3.10/site-packages (from -r requirements.txt (line 5)) (4.65.0)
[36m(setup pid=1704)[0m Collecting GitPython (from -r requirements.txt (line 7))
[36m(setup pid=1704)[0m   Downloading gitpython-3.1.45-py3-none-any.whl.metadata (13 kB)
[36m(setup pid=1704)[0m Collecting vastai-sdk>=0.1.12 (from -r requirements.txt (line 8))
[36m(setup pid=1704)[0m   Downloading vastai_sdk-0.2.5-py3-none-any.whl.metadata (2.4 kB)
[36m(setup pid=1704)[0m Collecting skypilot[vast] (from -r requirements.txt (line 6))
[36m(setup pid=1704)[0m   Downloading skypilot-0.10.5-py3-none-any.whl.metadata (32 kB)
[36m(setup pid=1704)[0m Collecting click>=8.0.1 (from wandb->-r requirements.txt (line 2))
[36m(setup pid=1704)[0m   Downloading click-8.3.1-py3-none-any.whl.metadata (2.6 kB)
[36m(setup pid=1704)[0m Requirement already satisfied: packaging in /root/miniconda3/lib/python3.10/site-packages (from wandb->-r requirements.txt (line 2)) (23.1)
[36m(setup pid=1704)[0m Requirement already satisfied: platformdirs in /root/miniconda3/lib/python3.10/site-packages (from wandb->-r requirements.txt (line 2)) (3.10.0)
[36m(setup pid=1704)[0m Collecting protobuf!=4.21.0,!=5.28.0,<7,>=3.19.0 (from wandb->-r requirements.txt (line 2))
[36m(setup pid=1704)[0m   Downloading protobuf-6.33.1-cp39-abi3-manylinux2014_x86_64.whl.metadata (593 bytes)
[36m(setup pid=1704)[0m Collecting pydantic<3 (from wandb->-r requirements.txt (line 2))
[36m(setup pid=1704)[0m   Downloading pydantic-2.12.5-py3-none-any.whl.metadata (90 kB)
[36m(setup pid=1704)[0m      â”â”â”â”â”â”â”â”â”â”â”â”â”â”â”â”â”â”â”â”â”â”â”â”â”â”â”â”â”â”â”â”â”â”â”â”â”â”â” 90.6/90.6 kB 958.0 kB/s eta 0:00:00
[36m(setup pid=1704)[0m Requirement already satisfied: requests<3,>=2.0.0 in /root/miniconda3/lib/python3.10/site-packages (from wandb->-r requirements.txt (line 2)) (2.31.0)
[36m(setup pid=1704)[0m Collecting sentry-sdk>=2.0.0 (from wandb->-r requirements.txt (line 2))
[36m(setup pid=1704)[0m   Downloading sentry_sdk-2.47.0-py2.py3-none-any.whl.metadata (10 kB)
[36m(setup pid=1704)[0m Collecting typing-extensions<5,>=4.8 (from wandb->-r requirements.txt (line 2))
[36m(setup pid=1704)[0m   Downloading typing_extensions-4.15.0-py3-none-any.whl.metadata (3.3 kB)
[36m(setup pid=1704)[0m Requirement already satisfied: wheel<0.46.0 in /root/miniconda3/lib/python3.10/site-packages (from skypilot[vast]->-r requirements.txt (line 6)) (0.41.2)
[36m(setup pid=1704)[0m Requirement already satisfied: setuptools in /root/miniconda3/lib/python3.10/site-packages (from skypilot[vast]->-r requirements.txt (line 6)) (68.2.2)
[36m(setup pid=1704)[0m Requirement already satisfied: pip in /root/miniconda3/lib/python3.10/site-packages (from skypilot[vast]->-r requirements.txt (line 6)) (23.3.1)
[36m(setup pid=1704)[0m Collecting cachetools (from skypilot[vast]->-r requirements.txt (line 6))
[36m(setup pid=1704)[0m   Downloading cachetools-6.2.2-py3-none-any.whl.metadata (5.6 kB)
[36m(setup pid=1704)[0m Collecting click>=8.0.1 (from wandb->-r requirements.txt (line 2))
[36m(setup pid=1704)[0m   Downloading click-8.1.8-py3-none-any.whl.metadata (2.3 kB)
[36m(setup pid=1704)[0m Collecting colorama (from skypilot[vast]->-r requirements.txt (line 6))
[36m(setup pid=1704)[0m   Downloading colorama-0.4.6-py2.py3-none-any.whl.metadata (17 kB)
[36m(setup pid=1704)[0m Requirement already satisfied: cryptography in /root/miniconda3/lib/python3.10/site-packages (from skypilot[vast]->-r requirements.txt (line 6)) (41.0.7)
[36m(setup pid=1704)[0m Collecting jinja2>=3.0 (from skypilot[vast]->-r requirements.txt (line 6))
[36m(setup pid=1704)[0m   Downloading jinja2-3.1.6-py3-none-any.whl.metadata (2.9 kB)
[36m(setup pid=1704)[0m Collecting jsonschema (from skypilot[vast]->-r requirements.txt (line 6))
[36m(setup pid=1704)[0m   Downloading jsonschema-4.25.1-py3-none-any.whl.metadata (7.6 kB)
[36m(setup pid=1704)[0m Collecting networkx (from skypilot[vast]->-r requirements.txt (line 6))
[36m(setup pid=1704)[0m   Downloading networkx-3.4.2-py3-none-any.whl.metadata (6.3 kB)
[36m(setup pid=1704)[0m Collecting pandas>=1.3.0 (from skypilot[vast]->-r requirements.txt (line 6))
[36m(setup pid=1704)[0m   Downloading pandas-2.3.3-cp310-cp310-manylinux_2_24_x86_64.manylinux_2_28_x86_64.whl.metadata (91 kB)
[36m(setup pid=1704)[0m      â”â”â”â”â”â”â”â”â”â”â”â”â”â”â”â”â”â”â”â”â”â”â”â”â”â”â”â”â”â”â”â”â”â”â”â”â”â”â”â” 91.2/91.2 kB 1.1 MB/s eta 0:00:00
[36m(setup pid=1704)[0m Collecting pendulum (from skypilot[vast]->-r requirements.txt (line 6))
[36m(setup pid=1704)[0m   Downloading pendulum-3.1.0-cp310-cp310-manylinux_2_17_x86_64.manylinux2014_x86_64.whl.metadata (6.8 kB)
[36m(setup pid=1704)[0m Collecting PrettyTable>=2.0.0 (from skypilot[vast]->-r requirements.txt (line 6))
[36m(setup pid=1704)[0m   Downloading prettytable-3.17.0-py3-none-any.whl.metadata (34 kB)
[36m(setup pid=1704)[0m Collecting python-dotenv (from skypilot[vast]->-r requirements.txt (line 6))
[36m(setup pid=1704)[0m   Downloading python_dotenv-1.2.1-py3-none-any.whl.metadata (25 kB)
[36m(setup pid=1704)[0m Collecting rich (from skypilot[vast]->-r requirements.txt (line 6))
[36m(setup pid=1704)[0m   Downloading rich-14.2.0-py3-none-any.whl.metadata (18 kB)
[36m(setup pid=1704)[0m Collecting tabulate (from skypilot[vast]->-r requirements.txt (line 6))
[36m(setup pid=1704)[0m   Downloading tabulate-0.9.0-py3-none-any.whl.metadata (34 kB)
[36m(setup pid=1704)[0m Collecting filelock>=3.15.0 (from skypilot[vast]->-r requirements.txt (line 6))
[36m(setup pid=1704)[0m   Downloading filelock-3.20.0-py3-none-any.whl.metadata (2.1 kB)
[36m(setup pid=1704)[0m Collecting psutil (from skypilot[vast]->-r requirements.txt (line 6))
[36m(setup pid=1704)[0m   Downloading psutil-7.1.3-cp36-abi3-manylinux2010_x86_64.manylinux_2_12_x86_64.manylinux_2_28_x86_64.whl.metadata (23 kB)
[36m(setup pid=1704)[0m Collecting pulp (from skypilot[vast]->-r requirements.txt (line 6))
[36m(setup pid=1704)[0m   Downloading pulp-3.3.0-py3-none-any.whl.metadata (8.4 kB)
[36m(setup pid=1704)[0m Collecting ijson (from skypilot[vast]->-r requirements.txt (line 6))
[36m(setup pid=1704)[0m   Downloading ijson-3.4.0.post0-cp310-cp310-manylinux2014_x86_64.manylinux_2_17_x86_64.manylinux_2_28_x86_64.whl.metadata (23 kB)
[36m(setup pid=1704)[0m Collecting orjson (from skypilot[vast]->-r requirements.txt (line 6))
[36m(setup pid=1704)[0m   Downloading orjson-3.11.4-cp310-cp310-manylinux_2_17_x86_64.manylinux2014_x86_64.whl.metadata (41 kB)
[36m(setup pid=1704)[0m      â”â”â”â”â”â”â”â”â”â”â”â”â”â”â”â”â”â”â”â”â”â”â”â”â”â”â”â”â”â”â”â”â”â”â”â”â”â”â” 41.8/41.8 kB 457.1 kB/s eta 0:00:00
[36m(setup pid=1704)[0m Collecting uvicorn<0.36.0,>=0.33.0 (from uvicorn[standard]<0.36.0,>=0.33.0->skypilot[vast]->-r requirements.txt (line 6))
[36m(setup pid=1704)[0m   Downloading uvicorn-0.35.0-py3-none-any.whl.metadata (6.5 kB)
[36m(setup pid=1704)[0m Collecting fastapi (from skypilot[vast]->-r requirements.txt (line 6))
[36m(setup pid=1704)[0m   Downloading fastapi-0.123.5-py3-none-any.whl.metadata (30 kB)
[36m(setup pid=1704)[0m Collecting python-multipart (from skypilot[vast]->-r requirements.txt (line 6))
[36m(setup pid=1704)[0m   Downloading python_multipart-0.0.20-py3-none-any.whl.metadata (1.8 kB)
[36m(setup pid=1704)[0m Collecting aiofiles (from skypilot[vast]->-r requirements.txt (line 6))
[36m(setup pid=1704)[0m   Downloading aiofiles-25.1.0-py3-none-any.whl.metadata (6.3 kB)
[36m(setup pid=1704)[0m Collecting httpx (from skypilot[vast]->-r requirements.txt (line 6))
[36m(setup pid=1704)[0m   Downloading httpx-0.28.1-py3-none-any.whl.metadata (7.1 kB)
[36m(setup pid=1704)[0m Collecting setproctitle (from skypilot[vast]->-r requirements.txt (line 6))
[36m(setup pid=1704)[0m   Downloading setproctitle-1.3.7-cp310-cp310-manylinux1_x86_64.manylinux_2_28_x86_64.manylinux_2_5_x86_64.whl.metadata (10 kB)
[36m(setup pid=1704)[0m Collecting sqlalchemy (from skypilot[vast]->-r requirements.txt (line 6))
[36m(setup pid=1704)[0m   Downloading sqlalchemy-2.0.44-cp310-cp310-manylinux_2_17_x86_64.manylinux2014_x86_64.whl.metadata (9.5 kB)
[36m(setup pid=1704)[0m Collecting psycopg2-binary (from skypilot[vast]->-r requirements.txt (line 6))
[36m(setup pid=1704)[0m   Downloading psycopg2_binary-2.9.11-cp310-cp310-manylinux2014_x86_64.manylinux_2_17_x86_64.whl.metadata (4.9 kB)
[36m(setup pid=1704)[0m Collecting aiosqlite (from skypilot[vast]->-r requirements.txt (line 6))
[36m(setup pid=1704)[0m   Downloading aiosqlite-0.21.0-py3-none-any.whl.metadata (4.3 kB)
[36m(setup pid=1704)[0m Collecting asyncpg (from skypilot[vast]->-r requirements.txt (line 6))
[36m(setup pid=1704)[0m   Downloading asyncpg-0.31.0-cp310-cp310-manylinux2014_x86_64.manylinux_2_17_x86_64.manylinux_2_28_x86_64.whl.metadata (4.4 kB)
[36m(setup pid=1704)[0m Collecting casbin (from skypilot[vast]->-r requirements.txt (line 6))
[36m(setup pid=1704)[0m   Downloading casbin-1.43.0-py3-none-any.whl.metadata (19 kB)
[36m(setup pid=1704)[0m Collecting sqlalchemy_adapter (from skypilot[vast]->-r requirements.txt (line 6))
[36m(setup pid=1704)[0m   Downloading sqlalchemy_adapter-1.9.0-py3-none-any.whl.metadata (4.5 kB)
[36m(setup pid=1704)[0m Collecting prometheus_client>=0.8.0 (from skypilot[vast]->-r requirements.txt (line 6))
[36m(setup pid=1704)[0m   Downloading prometheus_client-0.23.1-py3-none-any.whl.metadata (1.9 kB)
[36m(setup pid=1704)[0m Collecting passlib (from skypilot[vast]->-r requirements.txt (line 6))
[36m(setup pid=1704)[0m   Downloading passlib-1.7.4-py2.py3-none-any.whl.metadata (1.7 kB)
[36m(setup pid=1704)[0m Collecting bcrypt==4.0.1 (from skypilot[vast]->-r requirements.txt (line 6))
[36m(setup pid=1704)[0m   Downloading bcrypt-4.0.1-cp36-abi3-manylinux_2_28_x86_64.whl.metadata (9.0 kB)
[36m(setup pid=1704)[0m Collecting pyjwt (from skypilot[vast]->-r requirements.txt (line 6))
[36m(setup pid=1704)[0m   Downloading PyJWT-2.10.1-py3-none-any.whl.metadata (4.0 kB)
[36m(setup pid=1704)[0m Collecting types-paramiko (from skypilot[vast]->-r requirements.txt (line 6))
[36m(setup pid=1704)[0m   Downloading types_paramiko-4.0.0.20250822-py3-none-any.whl.metadata (1.8 kB)
[36m(setup pid=1704)[0m Collecting alembic (from skypilot[vast]->-r requirements.txt (line 6))
[36m(setup pid=1704)[0m   Downloading alembic-1.17.2-py3-none-any.whl.metadata (7.2 kB)
[36m(setup pid=1704)[0m Collecting aiohttp (from skypilot[vast]->-r requirements.txt (line 6))
[36m(setup pid=1704)[0m   Downloading aiohttp-3.13.2-cp310-cp310-manylinux2014_x86_64.manylinux_2_17_x86_64.manylinux_2_28_x86_64.whl.metadata (8.1 kB)
[36m(setup pid=1704)[0m Collecting anyio (from skypilot[vast]->-r requirements.txt (line 6))
[36m(setup pid=1704)[0m   Downloading anyio-4.12.0-py3-none-any.whl.metadata (4.3 kB)
[36m(setup pid=1704)[0m Collecting grpcio>=1.63.0 (from skypilot[vast]->-r requirements.txt (line 6))
[36m(setup pid=1704)[0m   Downloading grpcio-1.76.0-cp310-cp310-manylinux2014_x86_64.manylinux_2_17_x86_64.whl.metadata (3.7 kB)
[36m(setup pid=1704)[0m Collecting greenlet (from skypilot[vast]->-r requirements.txt (line 6))
[36m(setup pid=1704)[0m   Downloading greenlet-3.2.4-cp310-cp310-manylinux_2_24_x86_64.manylinux_2_28_x86_64.whl.metadata (4.1 kB)
[36m(setup pid=1704)[0m Collecting gitdb<5,>=4.0.1 (from GitPython->-r requirements.txt (line 7))
[36m(setup pid=1704)[0m   Downloading gitdb-4.0.12-py3-none-any.whl.metadata (1.2 kB)
[36m(setup pid=1704)[0m Collecting asyncio (from vastai-sdk>=0.1.12->-r requirements.txt (line 8))
[36m(setup pid=1704)[0m   Downloading asyncio-4.0.0-py3-none-any.whl.metadata (994 bytes)
[36m(setup pid=1704)[0m Collecting borb<2.2.0,>=2.1.25 (from vastai-sdk>=0.1.12->-r requirements.txt (line 8))
[36m(setup pid=1704)[0m   Downloading borb-2.1.25-py3-none-any.whl.metadata (4.6 kB)
[36m(setup pid=1704)[0m Collecting pyparsing (from vastai-sdk>=0.1.12->-r requirements.txt (line 8))
[36m(setup pid=1704)[0m   Downloading pyparsing-3.2.5-py3-none-any.whl.metadata (5.0 kB)
[36m(setup pid=1704)[0m Collecting python-dateutil (from vastai-sdk>=0.1.12->-r requirements.txt (line 8))
[36m(setup pid=1704)[0m   Downloading python_dateutil-2.9.0.post0-py2.py3-none-any.whl.metadata (8.4 kB)
[36m(setup pid=1704)[0m Collecting pytz (from vastai-sdk>=0.1.12->-r requirements.txt (line 8))
[36m(setup pid=1704)[0m   Downloading pytz-2025.2-py2.py3-none-any.whl.metadata (22 kB)
[36m(setup pid=1704)[0m Requirement already satisfied: urllib3 in /root/miniconda3/lib/python3.10/site-packages (from vastai-sdk>=0.1.12->-r requirements.txt (line 8)) (1.26.18)
[36m(setup pid=1704)[0m Collecting xdg>=1.0.0 (from vastai-sdk>=0.1.12->-r requirements.txt (line 8))
[36m(setup pid=1704)[0m   Downloading xdg-6.0.0-py3-none-any.whl.metadata (1.3 kB)
[36m(setup pid=1704)[0m Collecting fonttools>=4.22.1 (from borb<2.2.0,>=2.1.25->vastai-sdk>=0.1.12->-r requirements.txt (line 8))
[36m(setup pid=1704)[0m   Downloading fonttools-4.61.0-cp310-cp310-manylinux2014_x86_64.manylinux_2_17_x86_64.whl.metadata (113 kB)
[36m(setup pid=1704)[0m      â”â”â”â”â”â”â”â”â”â”â”â”â”â”â”â”â”â”â”â”â”â”â”â”â”â”â”â”â”â”â”â”â”â”â”â”â”â”â” 113.2/113.2 kB 1.4 MB/s eta 0:00:00
[36m(setup pid=1704)[0m Collecting lxml>=4.9.1 (from borb<2.2.0,>=2.1.25->vastai-sdk>=0.1.12->-r requirements.txt (line 8))
[36m(setup pid=1704)[0m   Downloading lxml-6.0.2-cp310-cp310-manylinux_2_26_x86_64.manylinux_2_28_x86_64.whl.metadata (3.6 kB)
[36m(setup pid=1704)[0m Collecting Pillow>=7.1.0 (from borb<2.2.0,>=2.1.25->vastai-sdk>=0.1.12->-r requirements.txt (line 8))
[36m(setup pid=1704)[0m   Downloading pillow-12.0.0-cp310-cp310-manylinux_2_27_x86_64.manylinux_2_28_x86_64.whl.metadata (8.8 kB)
[36m(setup pid=1704)[0m Collecting python-barcode>=0.13.1 (from borb<2.2.0,>=2.1.25->vastai-sdk>=0.1.12->-r requirements.txt (line 8))
[36m(setup pid=1704)[0m   Downloading python_barcode-0.16.1-py3-none-any.whl.metadata (2.7 kB)
[36m(setup pid=1704)[0m Collecting qrcode>=6.1 (from qrcode[pil]>=6.1->borb<2.2.0,>=2.1.25->vastai-sdk>=0.1.12->-r requirements.txt (line 8))
[36m(setup pid=1704)[0m   Downloading qrcode-8.2-py3-none-any.whl.metadata (17 kB)
[36m(setup pid=1704)[0m Requirement already satisfied: cffi>=1.12 in /root/miniconda3/lib/python3.10/site-packages (from cryptography->skypilot[vast]->-r requirements.txt (line 6)) (1.16.0)
[36m(setup pid=1704)[0m Collecting smmap<6,>=3.0.1 (from gitdb<5,>=4.0.1->GitPython->-r requirements.txt (line 7))
[36m(setup pid=1704)[0m   Downloading smmap-5.0.2-py3-none-any.whl.metadata (4.3 kB)
[36m(setup pid=1704)[0m Collecting MarkupSafe>=2.0 (from jinja2>=3.0->skypilot[vast]->-r requirements.txt (line 6))
[36m(setup pid=1704)[0m   Downloading markupsafe-3.0.3-cp310-cp310-manylinux2014_x86_64.manylinux_2_17_x86_64.manylinux_2_28_x86_64.whl.metadata (2.7 kB)
[36m(setup pid=1704)[0m Collecting attrs>=22.2.0 (from jsonschema->skypilot[vast]->-r requirements.txt (line 6))
[36m(setup pid=1704)[0m   Downloading attrs-25.4.0-py3-none-any.whl.metadata (10 kB)
[36m(setup pid=1704)[0m Collecting jsonschema-specifications>=2023.03.6 (from jsonschema->skypilot[vast]->-r requirements.txt (line 6))
[36m(setup pid=1704)[0m   Downloading jsonschema_specifications-2025.9.1-py3-none-any.whl.metadata (2.9 kB)
[36m(setup pid=1704)[0m Collecting referencing>=0.28.4 (from jsonschema->skypilot[vast]->-r requirements.txt (line 6))
[36m(setup pid=1704)[0m   Downloading referencing-0.37.0-py3-none-any.whl.metadata (2.8 kB)
[36m(setup pid=1704)[0m Collecting rpds-py>=0.7.1 (from jsonschema->skypilot[vast]->-r requirements.txt (line 6))
[36m(setup pid=1704)[0m   Downloading rpds_py-0.30.0-cp310-cp310-manylinux_2_17_x86_64.manylinux2014_x86_64.whl.metadata (4.1 kB)
[36m(setup pid=1704)[0m Collecting numpy>=1.22.4 (from pandas>=1.3.0->skypilot[vast]->-r requirements.txt (line 6))
[36m(setup pid=1704)[0m   Downloading numpy-2.2.6-cp310-cp310-manylinux_2_17_x86_64.manylinux2014_x86_64.whl.metadata (62 kB)
[36m(setup pid=1704)[0m      â”â”â”â”â”â”â”â”â”â”â”â”â”â”â”â”â”â”â”â”â”â”â”â”â”â”â”â”â”â”â”â”â”â”â”â”â”â”â” 62.0/62.0 kB 694.4 kB/s eta 0:00:00
[36m(setup pid=1704)[0m Collecting tzdata>=2022.7 (from pandas>=1.3.0->skypilot[vast]->-r requirements.txt (line 6))
[36m(setup pid=1704)[0m   Downloading tzdata-2025.2-py2.py3-none-any.whl.metadata (1.4 kB)
[36m(setup pid=1704)[0m Collecting wcwidth (from PrettyTable>=2.0.0->skypilot[vast]->-r requirements.txt (line 6))
[36m(setup pid=1704)[0m   Downloading wcwidth-0.2.14-py2.py3-none-any.whl.metadata (15 kB)
[36m(setup pid=1704)[0m Collecting annotated-types>=0.6.0 (from pydantic<3->wandb->-r requirements.txt (line 2))
[36m(setup pid=1704)[0m   Downloading annotated_types-0.7.0-py3-none-any.whl.metadata (15 kB)
[36m(setup pid=1704)[0m Collecting pydantic-core==2.41.5 (from pydantic<3->wandb->-r requirements.txt (line 2))
[36m(setup pid=1704)[0m   Downloading pydantic_core-2.41.5-cp310-cp310-manylinux_2_17_x86_64.manylinux2014_x86_64.whl.metadata (7.3 kB)
[36m(setup pid=1704)[0m Collecting typing-inspection>=0.4.2 (from pydantic<3->wandb->-r requirements.txt (line 2))
[36m(setup pid=1704)[0m   Downloading typing_inspection-0.4.2-py3-none-any.whl.metadata (2.6 kB)
[36m(setup pid=1704)[0m Collecting six>=1.5 (from python-dateutil->vastai-sdk>=0.1.12->-r requirements.txt (line 8))
[36m(setup pid=1704)[0m   Downloading six-1.17.0-py2.py3-none-any.whl.metadata (1.7 kB)
[36m(setup pid=1704)[0m Requirement already satisfied: charset-normalizer<4,>=2 in /root/miniconda3/lib/python3.10/site-packages (from requests<3,>=2.0.0->wandb->-r requirements.txt (line 2)) (2.0.4)
[36m(setup pid=1704)[0m Requirement already satisfied: idna<4,>=2.5 in /root/miniconda3/lib/python3.10/site-packages (from requests<3,>=2.0.0->wandb->-r requirements.txt (line 2)) (3.4)
[36m(setup pid=1704)[0m Requirement already satisfied: certifi>=2017.4.17 in /root/miniconda3/lib/python3.10/site-packages (from requests<3,>=2.0.0->wandb->-r requirements.txt (line 2)) (2023.11.17)
[36m(setup pid=1704)[0m Collecting h11>=0.8 (from uvicorn<0.36.0,>=0.33.0->uvicorn[standard]<0.36.0,>=0.33.0->skypilot[vast]->-r requirements.txt (line 6))
[36m(setup pid=1704)[0m   Downloading h11-0.16.0-py3-none-any.whl.metadata (8.3 kB)
[36m(setup pid=1704)[0m Collecting httptools>=0.6.3 (from uvicorn[standard]<0.36.0,>=0.33.0->skypilot[vast]->-r requirements.txt (line 6))
[36m(setup pid=1704)[0m   Downloading httptools-0.7.1-cp310-cp310-manylinux1_x86_64.manylinux_2_28_x86_64.manylinux_2_5_x86_64.whl.metadata (3.5 kB)
[36m(setup pid=1704)[0m Collecting uvloop>=0.15.1 (from uvicorn[standard]<0.36.0,>=0.33.0->skypilot[vast]->-r requirements.txt (line 6))
[36m(setup pid=1704)[0m   Downloading uvloop-0.22.1-cp310-cp310-manylinux2014_x86_64.manylinux_2_17_x86_64.manylinux_2_28_x86_64.whl.metadata (4.9 kB)
[36m(setup pid=1704)[0m Collecting watchfiles>=0.13 (from uvicorn[standard]<0.36.0,>=0.33.0->skypilot[vast]->-r requirements.txt (line 6))
[36m(setup pid=1704)[0m   Downloading watchfiles-1.1.1-cp310-cp310-manylinux_2_17_x86_64.manylinux2014_x86_64.whl.metadata (4.9 kB)
[36m(setup pid=1704)[0m Collecting websockets>=10.4 (from uvicorn[standard]<0.36.0,>=0.33.0->skypilot[vast]->-r requirements.txt (line 6))
[36m(setup pid=1704)[0m   Downloading websockets-15.0.1-cp310-cp310-manylinux_2_5_x86_64.manylinux1_x86_64.manylinux_2_17_x86_64.manylinux2014_x86_64.whl.metadata (6.8 kB)
[36m(setup pid=1704)[0m Collecting aiohappyeyeballs>=2.5.0 (from aiohttp->skypilot[vast]->-r requirements.txt (line 6))
[36m(setup pid=1704)[0m   Downloading aiohappyeyeballs-2.6.1-py3-none-any.whl.metadata (5.9 kB)
[36m(setup pid=1704)[0m Collecting aiosignal>=1.4.0 (from aiohttp->skypilot[vast]->-r requirements.txt (line 6))
[36m(setup pid=1704)[0m   Downloading aiosignal-1.4.0-py3-none-any.whl.metadata (3.7 kB)
[36m(setup pid=1704)[0m Collecting async-timeout<6.0,>=4.0 (from aiohttp->skypilot[vast]->-r requirements.txt (line 6))
[36m(setup pid=1704)[0m   Downloading async_timeout-5.0.1-py3-none-any.whl.metadata (5.1 kB)
[36m(setup pid=1704)[0m Collecting frozenlist>=1.1.1 (from aiohttp->skypilot[vast]->-r requirements.txt (line 6))
[36m(setup pid=1704)[0m   Downloading frozenlist-1.8.0-cp310-cp310-manylinux1_x86_64.manylinux_2_28_x86_64.manylinux_2_5_x86_64.whl.metadata (20 kB)
[36m(setup pid=1704)[0m Collecting multidict<7.0,>=4.5 (from aiohttp->skypilot[vast]->-r requirements.txt (line 6))
[36m(setup pid=1704)[0m   Downloading multidict-6.7.0-cp310-cp310-manylinux2014_x86_64.manylinux_2_17_x86_64.manylinux_2_28_x86_64.whl.metadata (5.3 kB)
[36m(setup pid=1704)[0m Collecting propcache>=0.2.0 (from aiohttp->skypilot[vast]->-r requirements.txt (line 6))
[36m(setup pid=1704)[0m   Downloading propcache-0.4.1-cp310-cp310-manylinux2014_x86_64.manylinux_2_17_x86_64.manylinux_2_28_x86_64.whl.metadata (13 kB)
[36m(setup pid=1704)[0m Collecting yarl<2.0,>=1.17.0 (from aiohttp->skypilot[vast]->-r requirements.txt (line 6))
[36m(setup pid=1704)[0m   Downloading yarl-1.22.0-cp310-cp310-manylinux2014_x86_64.manylinux_2_17_x86_64.manylinux_2_28_x86_64.whl.metadata (75 kB)
[36m(setup pid=1704)[0m      â”â”â”â”â”â”â”â”â”â”â”â”â”â”â”â”â”â”â”â”â”â”â”â”â”â”â”â”â”â”â”â”â”â”â”â”â”â”â” 75.1/75.1 kB 949.6 kB/s eta 0:00:00
[36m(setup pid=1704)[0m Collecting Mako (from alembic->skypilot[vast]->-r requirements.txt (line 6))
[36m(setup pid=1704)[0m   Downloading mako-1.3.10-py3-none-any.whl.metadata (2.9 kB)
[36m(setup pid=1704)[0m Collecting tomli (from alembic->skypilot[vast]->-r requirements.txt (line 6))
[36m(setup pid=1704)[0m   Downloading tomli-2.3.0-py3-none-any.whl.metadata (10 kB)
[36m(setup pid=1704)[0m Collecting exceptiongroup>=1.0.2 (from anyio->skypilot[vast]->-r requirements.txt (line 6))
[36m(setup pid=1704)[0m   Downloading exceptiongroup-1.3.1-py3-none-any.whl.metadata (6.7 kB)
[36m(setup pid=1704)[0m Collecting simpleeval>=0.9.11 (from casbin->skypilot[vast]->-r requirements.txt (line 6))
[36m(setup pid=1704)[0m   Downloading simpleeval-1.0.3-py3-none-any.whl.metadata (17 kB)
[36m(setup pid=1704)[0m Collecting starlette<0.51.0,>=0.40.0 (from fastapi->skypilot[vast]->-r requirements.txt (line 6))
[36m(setup pid=1704)[0m   Downloading starlette-0.50.0-py3-none-any.whl.metadata (6.3 kB)
[36m(setup pid=1704)[0m Collecting annotated-doc>=0.0.2 (from fastapi->skypilot[vast]->-r requirements.txt (line 6))
[36m(setup pid=1704)[0m   Downloading annotated_doc-0.0.4-py3-none-any.whl.metadata (6.6 kB)
[36m(setup pid=1704)[0m Collecting httpcore==1.* (from httpx->skypilot[vast]->-r requirements.txt (line 6))
[36m(setup pid=1704)[0m   Downloading httpcore-1.0.9-py3-none-any.whl.metadata (21 kB)
[36m(setup pid=1704)[0m Collecting markdown-it-py>=2.2.0 (from rich->skypilot[vast]->-r requirements.txt (line 6))
[36m(setup pid=1704)[0m   Downloading markdown_it_py-4.0.0-py3-none-any.whl.metadata (7.3 kB)
[36m(setup pid=1704)[0m Collecting pygments<3.0.0,>=2.13.0 (from rich->skypilot[vast]->-r requirements.txt (line 6))
[36m(setup pid=1704)[0m   Downloading pygments-2.19.2-py3-none-any.whl.metadata (2.5 kB)
[36m(setup pid=1704)[0m Collecting pycasbin>=2.0.0 (from sqlalchemy_adapter->skypilot[vast]->-r requirements.txt (line 6))
[36m(setup pid=1704)[0m   Downloading pycasbin-2.6.0-py3-none-any.whl.metadata (22 kB)
[36m(setup pid=1704)[0m Requirement already satisfied: pycparser in /root/miniconda3/lib/python3.10/site-packages (from cffi>=1.12->cryptography->skypilot[vast]->-r requirements.txt (line 6)) (2.21)
[36m(setup pid=1704)[0m Collecting mdurl~=0.1 (from markdown-it-py>=2.2.0->rich->skypilot[vast]->-r requirements.txt (line 6))
[36m(setup pid=1704)[0m   Downloading mdurl-0.1.2-py3-none-any.whl.metadata (1.6 kB)
[36m(setup pid=1704)[0m Collecting wcmatch>=10.1 (from pycasbin>=2.0.0->sqlalchemy_adapter->skypilot[vast]->-r requirements.txt (line 6))
[36m(setup pid=1704)[0m   Downloading wcmatch-10.1-py3-none-any.whl.metadata (5.1 kB)
[36m(setup pid=1704)[0m Collecting bracex>=2.1.1 (from wcmatch>=10.1->pycasbin>=2.0.0->sqlalchemy_adapter->skypilot[vast]->-r requirements.txt (line 6))
[36m(setup pid=1704)[0m   Downloading bracex-2.6-py3-none-any.whl.metadata (3.6 kB)
[36m(setup pid=1704)[0m Downloading wandb-0.23.1-py3-none-manylinux_2_28_x86_64.whl (22.9 MB)
[36m(setup pid=1704)[0m    â”â”â”â”â”â”â”â”â”â”â”â”â”â”â”â”â”â”â”â”â”â”â”â”â”â”â”â”â”â”â”â”â”â”â”â”â”â”â”â” 22.9/22.9 MB 29.3 MB/s eta 0:00:00
[36m(setup pid=1704)[0m Downloading beartype-0.22.8-py3-none-any.whl (1.3 MB)
[36m(setup pid=1704)[0m    â”â”â”â”â”â”â”â”â”â”â”â”â”â”â”â”â”â”â”â”â”â”â”â”â”â”â”â”â”â”â”â”â”â”â”â”â”â”â”â” 1.3/1.3 MB 15.8 MB/s eta 0:00:00
[36m(setup pid=1704)[0m Downloading pyyaml-6.0.3-cp310-cp310-manylinux2014_x86_64.manylinux_2_17_x86_64.manylinux_2_28_x86_64.whl (770 kB)
[36m(setup pid=1704)[0m    â”â”â”â”â”â”â”â”â”â”â”â”â”â”â”â”â”â”â”â”â”â”â”â”â”â”â”â”â”â”â”â”â”â”â”â”â”â”â”â” 770.3/770.3 kB 10.3 MB/s eta 0:00:00
[36m(setup pid=1704)[0m Downloading bcrypt-4.0.1-cp36-abi3-manylinux_2_28_x86_64.whl (593 kB)
[36m(setup pid=1704)[0m    â”â”â”â”â”â”â”â”â”â”â”â”â”â”â”â”â”â”â”â”â”â”â”â”â”â”â”â”â”â”â”â”â”â”â”â”â”â”â”â” 593.7/593.7 kB 7.5 MB/s eta 0:00:00
[36m(setup pid=1704)[0m Downloading gitpython-3.1.45-py3-none-any.whl (208 kB)
[36m(setup pid=1704)[0m    â”â”â”â”â”â”â”â”â”â”â”â”â”â”â”â”â”â”â”â”â”â”â”â”â”â”â”â”â”â”â”â”â”â”â”â”â”â”â”â” 208.2/208.2 kB 3.1 MB/s eta 0:00:00
[36m(setup pid=1704)[0m Downloading vastai_sdk-0.2.5-py3-none-any.whl (72 kB)
[36m(setup pid=1704)[0m    â”â”â”â”â”â”â”â”â”â”â”â”â”â”â”â”â”â”â”â”â”â”â”â”â”â”â”â”â”â”â”â”â”â”â”â”â”â”â”â” 72.8/72.8 kB 1.0 MB/s eta 0:00:00
[36m(setup pid=1704)[0m Downloading borb-2.1.25-py3-none-any.whl (12.3 MB)
[36m(setup pid=1704)[0m    â”â”â”â”â”â”â”â”â”â”â”â”â”â”â”â”â”â”â”â”â”â”â”â”â”â”â”â”â”â”â”â”â”â”â”â”â”â”â”â” 12.3/12.3 MB 35.0 MB/s eta 0:00:00
[36m(setup pid=1704)[0m Downloading click-8.1.8-py3-none-any.whl (98 kB)
[36m(setup pid=1704)[0m    â”â”â”â”â”â”â”â”â”â”â”â”â”â”â”â”â”â”â”â”â”â”â”â”â”â”â”â”â”â”â”â”â”â”â”â”â”â”â”â” 98.2/98.2 kB 1.4 MB/s eta 0:00:00
[36m(setup pid=1704)[0m Downloading filelock-3.20.0-py3-none-any.whl (16 kB)
[36m(setup pid=1704)[0m Downloading gitdb-4.0.12-py3-none-any.whl (62 kB)
[36m(setup pid=1704)[0m    â”â”â”â”â”â”â”â”â”â”â”â”â”â”â”â”â”â”â”â”â”â”â”â”â”â”â”â”â”â”â”â”â”â”â”â”â”â”â”â” 62.8/62.8 kB 837.4 kB/s eta 0:00:00
[36m(setup pid=1704)[0m Downloading grpcio-1.76.0-cp310-cp310-manylinux2014_x86_64.manylinux_2_17_x86_64.whl (6.6 MB)
[36m(setup pid=1704)[0m    â”â”â”â”â”â”â”â”â”â”â”â”â”â”â”â”â”â”â”â”â”â”â”â”â”â”â”â”â”â”â”â”â”â”â”â”â”â”â”â” 6.6/6.6 MB 37.8 MB/s eta 0:00:00
[36m(setup pid=1704)[0m Downloading jinja2-3.1.6-py3-none-any.whl (134 kB)
[36m(setup pid=1704)[0m    â”â”â”â”â”â”â”â”â”â”â”â”â”â”â”â”â”â”â”â”â”â”â”â”â”â”â”â”â”â”â”â”â”â”â”â”â”â”â”â” 134.9/134.9 kB 1.9 MB/s eta 0:00:00
[36m(setup pid=1704)[0m Downloading jsonschema-4.25.1-py3-none-any.whl (90 kB)
[36m(setup pid=1704)[0m    â”â”â”â”â”â”â”â”â”â”â”â”â”â”â”â”â”â”â”â”â”â”â”â”â”â”â”â”â”â”â”â”â”â”â”â”â”â”â”â” 90.0/90.0 kB 1.3 MB/s eta 0:00:00
[36m(setup pid=1704)[0m Downloading pandas-2.3.3-cp310-cp310-manylinux_2_24_x86_64.manylinux_2_28_x86_64.whl (12.8 MB)
[36m(setup pid=1704)[0m    â”â”â”â”â”â”â”â”â”â”â”â”â”â”â”â”â”â”â”â”â”â”â”â”â”â”â”â”â”â”â”â”â”â”â”â”â”â”â”â” 12.8/12.8 MB 47.9 MB/s eta 0:00:00
[36m(setup pid=1704)[0m Downloading prettytable-3.17.0-py3-none-any.whl (34 kB)
[36m(setup pid=1704)[0m Downloading prometheus_client-0.23.1-py3-none-any.whl (61 kB)
[36m(setup pid=1704)[0m    â”â”â”â”â”â”â”â”â”â”â”â”â”â”â”â”â”â”â”â”â”â”â”â”â”â”â”â”â”â”â”â”â”â”â”â”â”â”â”â” 61.1/61.1 kB 704.1 kB/s eta 0:00:00
[36m(setup pid=1704)[0m Downloading protobuf-6.33.1-cp39-abi3-manylinux2014_x86_64.whl (323 kB)
[36m(setup pid=1704)[0m    â”â”â”â”â”â”â”â”â”â”â”â”â”â”â”â”â”â”â”â”â”â”â”â”â”â”â”â”â”â”â”â”â”â”â”â”â”â”â”â” 323.2/323.2 kB 4.5 MB/s eta 0:00:00
[36m(setup pid=1704)[0m Downloading pydantic-2.12.5-py3-none-any.whl (463 kB)
[36m(setup pid=1704)[0m    â”â”â”â”â”â”â”â”â”â”â”â”â”â”â”â”â”â”â”â”â”â”â”â”â”â”â”â”â”â”â”â”â”â”â”â”â”â”â”â” 463.6/463.6 kB 5.9 MB/s eta 0:00:00
[36m(setup pid=1704)[0m Downloading pydantic_core-2.41.5-cp310-cp310-manylinux_2_17_x86_64.manylinux2014_x86_64.whl (2.1 MB)
[36m(setup pid=1704)[0m    â”â”â”â”â”â”â”â”â”â”â”â”â”â”â”â”â”â”â”â”â”â”â”â”â”â”â”â”â”â”â”â”â”â”â”â”â”â”â”â” 2.1/2.1 MB 19.3 MB/s eta 0:00:00
[36m(setup pid=1704)[0m Downloading python_dateutil-2.9.0.post0-py2.py3-none-any.whl (229 kB)
[36m(setup pid=1704)[0m    â”â”â”â”â”â”â”â”â”â”â”â”â”â”â”â”â”â”â”â”â”â”â”â”â”â”â”â”â”â”â”â”â”â”â”â”â”â”â”â” 229.9/229.9 kB 2.8 MB/s eta 0:00:00
[36m(setup pid=1704)[0m Downloading pytz-2025.2-py2.py3-none-any.whl (509 kB)
[36m(setup pid=1704)[0m    â”â”â”â”â”â”â”â”â”â”â”â”â”â”â”â”â”â”â”â”â”â”â”â”â”â”â”â”â”â”â”â”â”â”â”â”â”â”â”â” 509.2/509.2 kB 7.4 MB/s eta 0:00:00
[36m(setup pid=1704)[0m Downloading sentry_sdk-2.47.0-py2.py3-none-any.whl (411 kB)
[36m(setup pid=1704)[0m    â”â”â”â”â”â”â”â”â”â”â”â”â”â”â”â”â”â”â”â”â”â”â”â”â”â”â”â”â”â”â”â”â”â”â”â”â”â”â”â” 411.1/411.1 kB 5.3 MB/s eta 0:00:00
[36m(setup pid=1704)[0m Downloading typing_extensions-4.15.0-py3-none-any.whl (44 kB)
[36m(setup pid=1704)[0m    â”â”â”â”â”â”â”â”â”â”â”â”â”â”â”â”â”â”â”â”â”â”â”â”â”â”â”â”â”â”â”â”â”â”â”â”â”â”â”â” 44.6/44.6 kB 480.6 kB/s eta 0:00:00
[36m(setup pid=1704)[0m Downloading uvicorn-0.35.0-py3-none-any.whl (66 kB)
[36m(setup pid=1704)[0m    â”â”â”â”â”â”â”â”â”â”â”â”â”â”â”â”â”â”â”â”â”â”â”â”â”â”â”â”â”â”â”â”â”â”â”â”â”â”â”â” 66.4/66.4 kB 817.5 kB/s eta 0:00:00
[36m(setup pid=1704)[0m Downloading python_dotenv-1.2.1-py3-none-any.whl (21 kB)
[36m(setup pid=1704)[0m Downloading xdg-6.0.0-py3-none-any.whl (3.9 kB)
[36m(setup pid=1704)[0m Downloading aiofiles-25.1.0-py3-none-any.whl (14 kB)
[36m(setup pid=1704)[0m Downloading aiohttp-3.13.2-cp310-cp310-manylinux2014_x86_64.manylinux_2_17_x86_64.manylinux_2_28_x86_64.whl (1.7 MB)
[36m(setup pid=1704)[0m    â”â”â”â”â”â”â”â”â”â”â”â”â”â”â”â”â”â”â”â”â”â”â”â”â”â”â”â”â”â”â”â”â”â”â”â”â”â”â”â” 1.7/1.7 MB 17.9 MB/s eta 0:00:00
[36m(setup pid=1704)[0m Downloading aiosqlite-0.21.0-py3-none-any.whl (15 kB)
[36m(setup pid=1704)[0m Downloading alembic-1.17.2-py3-none-any.whl (248 kB)
[36m(setup pid=1704)[0m    â”â”â”â”â”â”â”â”â”â”â”â”â”â”â”â”â”â”â”â”â”â”â”â”â”â”â”â”â”â”â”â”â”â”â”â”â”â”â”â” 248.6/248.6 kB 3.5 MB/s eta 0:00:00
[36m(setup pid=1704)[0m Downloading sqlalchemy-2.0.44-cp310-cp310-manylinux_2_17_x86_64.manylinux2014_x86_64.whl (3.2 MB)
[36m(setup pid=1704)[0m    â”â”â”â”â”â”â”â”â”â”â”â”â”â”â”â”â”â”â”â”â”â”â”â”â”â”â”â”â”â”â”â”â”â”â”â”â”â”â”â” 3.2/3.2 MB 26.6 MB/s eta 0:00:00
[36m(setup pid=1704)[0m Downloading greenlet-3.2.4-cp310-cp310-manylinux_2_24_x86_64.manylinux_2_28_x86_64.whl (584 kB)
[36m(setup pid=1704)[0m    â”â”â”â”â”â”â”â”â”â”â”â”â”â”â”â”â”â”â”â”â”â”â”â”â”â”â”â”â”â”â”â”â”â”â”â”â”â”â”â” 584.4/584.4 kB 7.4 MB/s eta 0:00:00
[36m(setup pid=1704)[0m Downloading anyio-4.12.0-py3-none-any.whl (113 kB)
[36m(setup pid=1704)[0m    â”â”â”â”â”â”â”â”â”â”â”â”â”â”â”â”â”â”â”â”â”â”â”â”â”â”â”â”â”â”â”â”â”â”â”â”â”â”â”â” 113.4/113.4 kB 1.5 MB/s eta 0:00:00
[36m(setup pid=1704)[0m Downloading asyncio-4.0.0-py3-none-any.whl (5.6 kB)
[36m(setup pid=1704)[0m Downloading asyncpg-0.31.0-cp310-cp310-manylinux2014_x86_64.manylinux_2_17_x86_64.manylinux_2_28_x86_64.whl (2.9 MB)
[36m(setup pid=1704)[0m    â”â”â”â”â”â”â”â”â”â”â”â”â”â”â”â”â”â”â”â”â”â”â”â”â”â”â”â”â”â”â”â”â”â”â”â”â”â”â”â” 2.9/2.9 MB 24.3 MB/s eta 0:00:00
[36m(setup pid=1704)[0m Downloading cachetools-6.2.2-py3-none-any.whl (11 kB)
[36m(setup pid=1704)[0m Downloading casbin-1.43.0-py3-none-any.whl (475 kB)
[36m(setup pid=1704)[0m    â”â”â”â”â”â”â”â”â”â”â”â”â”â”â”â”â”â”â”â”â”â”â”â”â”â”â”â”â”â”â”â”â”â”â”â”â”â”â”â” 475.1/475.1 kB 7.0 MB/s eta 0:00:00
[36m(setup pid=1704)[0m Downloading colorama-0.4.6-py2.py3-none-any.whl (25 kB)
[36m(setup pid=1704)[0m Downloading fastapi-0.123.5-py3-none-any.whl (111 kB)
[36m(setup pid=1704)[0m    â”â”â”â”â”â”â”â”â”â”â”â”â”â”â”â”â”â”â”â”â”â”â”â”â”â”â”â”â”â”â”â”â”â”â”â”â”â”â”â” 111.3/111.3 kB 1.6 MB/s eta 0:00:00
[36m(setup pid=1704)[0m Downloading httpx-0.28.1-py3-none-any.whl (73 kB)
[36m(setup pid=1704)[0m    â”â”â”â”â”â”â”â”â”â”â”â”â”â”â”â”â”â”â”â”â”â”â”â”â”â”â”â”â”â”â”â”â”â”â”â”â”â”â”â” 73.5/73.5 kB 975.5 kB/s eta 0:00:00
[36m(setup pid=1704)[0m Downloading httpcore-1.0.9-py3-none-any.whl (78 kB)
[36m(setup pid=1704)[0m    â”â”â”â”â”â”â”â”â”â”â”â”â”â”â”â”â”â”â”â”â”â”â”â”â”â”â”â”â”â”â”â”â”â”â”â”â”â”â”â” 78.8/78.8 kB 1.1 MB/s eta 0:00:00
[36m(setup pid=1704)[0m Downloading ijson-3.4.0.post0-cp310-cp310-manylinux2014_x86_64.manylinux_2_17_x86_64.manylinux_2_28_x86_64.whl (129 kB)
[36m(setup pid=1704)[0m    â”â”â”â”â”â”â”â”â”â”â”â”â”â”â”â”â”â”â”â”â”â”â”â”â”â”â”â”â”â”â”â”â”â”â”â”â”â”â”â” 129.6/129.6 kB 1.9 MB/s eta 0:00:00
[36m(setup pid=1704)[0m Downloading networkx-3.4.2-py3-none-any.whl (1.7 MB)
[36m(setup pid=1704)[0m    â”â”â”â”â”â”â”â”â”â”â”â”â”â”â”â”â”â”â”â”â”â”â”â”â”â”â”â”â”â”â”â”â”â”â”â”â”â”â”â” 1.7/1.7 MB 19.2 MB/s eta 0:00:00
[36m(setup pid=1704)[0m Downloading orjson-3.11.4-cp310-cp310-manylinux_2_17_x86_64.manylinux2014_x86_64.whl (136 kB)
[36m(setup pid=1704)[0m    â”â”â”â”â”â”â”â”â”â”â”â”â”â”â”â”â”â”â”â”â”â”â”â”â”â”â”â”â”â”â”â”â”â”â”â”â”â”â”â” 136.4/136.4 kB 1.8 MB/s eta 0:00:00
[36m(setup pid=1704)[0m Downloading passlib-1.7.4-py2.py3-none-any.whl (525 kB)
[36m(setup pid=1704)[0m    â”â”â”â”â”â”â”â”â”â”â”â”â”â”â”â”â”â”â”â”â”â”â”â”â”â”â”â”â”â”â”â”â”â”â”â”â”â”â”â” 525.6/525.6 kB 7.1 MB/s eta 0:00:00
[36m(setup pid=1704)[0m Downloading pendulum-3.1.0-cp310-cp310-manylinux_2_17_x86_64.manylinux2014_x86_64.whl (353 kB)
[36m(setup pid=1704)[0m    â”â”â”â”â”â”â”â”â”â”â”â”â”â”â”â”â”â”â”â”â”â”â”â”â”â”â”â”â”â”â”â”â”â”â”â”â”â”â”â” 353.7/353.7 kB 4.5 MB/s eta 0:00:00
[36m(setup pid=1704)[0m Downloading psutil-7.1.3-cp36-abi3-manylinux2010_x86_64.manylinux_2_12_x86_64.manylinux_2_28_x86_64.whl (263 kB)
[36m(setup pid=1704)[0m    â”â”â”â”â”â”â”â”â”â”â”â”â”â”â”â”â”â”â”â”â”â”â”â”â”â”â”â”â”â”â”â”â”â”â”â”â”â”â”â” 263.3/263.3 kB 3.8 MB/s eta 0:00:00
[36m(setup pid=1704)[0m Downloading psycopg2_binary-2.9.11-cp310-cp310-manylinux2014_x86_64.manylinux_2_17_x86_64.whl (4.2 MB)
[36m(setup pid=1704)[0m    â”â”â”â”â”â”â”â”â”â”â”â”â”â”â”â”â”â”â”â”â”â”â”â”â”â”â”â”â”â”â”â”â”â”â”â”â”â”â”â” 4.2/4.2 MB 31.2 MB/s eta 0:00:00
[36m(setup pid=1704)[0m Downloading pulp-3.3.0-py3-none-any.whl (16.4 MB)
[36m(setup pid=1704)[0m    â”â”â”â”â”â”â”â”â”â”â”â”â”â”â”â”â”â”â”â”â”â”â”â”â”â”â”â”â”â”â”â”â”â”â”â”â”â”â”â” 16.4/16.4 MB 48.1 MB/s eta 0:00:00
[36m(setup pid=1704)[0m Downloading PyJWT-2.10.1-py3-none-any.whl (22 kB)
[36m(setup pid=1704)[0m Downloading pyparsing-3.2.5-py3-none-any.whl (113 kB)
[36m(setup pid=1704)[0m    â”â”â”â”â”â”â”â”â”â”â”â”â”â”â”â”â”â”â”â”â”â”â”â”â”â”â”â”â”â”â”â”â”â”â”â”â”â”â”â” 113.9/113.9 kB 1.4 MB/s eta 0:00:00
[36m(setup pid=1704)[0m Downloading python_multipart-0.0.20-py3-none-any.whl (24 kB)
[36m(setup pid=1704)[0m Downloading rich-14.2.0-py3-none-any.whl (243 kB)
[36m(setup pid=1704)[0m    â”â”â”â”â”â”â”â”â”â”â”â”â”â”â”â”â”â”â”â”â”â”â”â”â”â”â”â”â”â”â”â”â”â”â”â”â”â”â”â” 243.4/243.4 kB 3.3 MB/s eta 0:00:00
[36m(setup pid=1704)[0m Downloading setproctitle-1.3.7-cp310-cp310-manylinux1_x86_64.manylinux_2_28_x86_64.manylinux_2_5_x86_64.whl (31 kB)
[36m(setup pid=1704)[0m Downloading skypilot-0.10.5-py3-none-any.whl (2.9 MB)
[36m(setup pid=1704)[0m    â”â”â”â”â”â”â”â”â”â”â”â”â”â”â”â”â”â”â”â”â”â”â”â”â”â”â”â”â”â”â”â”â”â”â”â”â”â”â”â” 2.9/2.9 MB 23.4 MB/s eta 0:00:00
[36m(setup pid=1704)[0m Downloading sqlalchemy_adapter-1.9.0-py3-none-any.whl (9.9 kB)
[36m(setup pid=1704)[0m Downloading tabulate-0.9.0-py3-none-any.whl (35 kB)
[36m(setup pid=1704)[0m Downloading types_paramiko-4.0.0.20250822-py3-none-any.whl (38 kB)
[36m(setup pid=1704)[0m Downloading aiohappyeyeballs-2.6.1-py3-none-any.whl (15 kB)
[36m(setup pid=1704)[0m Downloading aiosignal-1.4.0-py3-none-any.whl (7.5 kB)
[36m(setup pid=1704)[0m Downloading annotated_doc-0.0.4-py3-none-any.whl (5.3 kB)
[36m(setup pid=1704)[0m Downloading annotated_types-0.7.0-py3-none-any.whl (13 kB)
[36m(setup pid=1704)[0m Downloading async_timeout-5.0.1-py3-none-any.whl (6.2 kB)
[36m(setup pid=1704)[0m Downloading attrs-25.4.0-py3-none-any.whl (67 kB)
[36m(setup pid=1704)[0m    â”â”â”â”â”â”â”â”â”â”â”â”â”â”â”â”â”â”â”â”â”â”â”â”â”â”â”â”â”â”â”â”â”â”â”â”â”â”â”â” 67.6/67.6 kB 685.6 kB/s eta 0:00:00
[36m(setup pid=1704)[0m Downloading exceptiongroup-1.3.1-py3-none-any.whl (16 kB)
[36m(setup pid=1704)[0m Downloading fonttools-4.61.0-cp310-cp310-manylinux2014_x86_64.manylinux_2_17_x86_64.whl (4.9 MB)
[36m(setup pid=1704)[0m    â”â”â”â”â”â”â”â”â”â”â”â”â”â”â”â”â”â”â”â”â”â”â”â”â”â”â”â”â”â”â”â”â”â”â”â”â”â”â”â” 4.9/4.9 MB 32.5 MB/s eta 0:00:00
[36m(setup pid=1704)[0m Downloading frozenlist-1.8.0-cp310-cp310-manylinux1_x86_64.manylinux_2_28_x86_64.manylinux_2_5_x86_64.whl (219 kB)
[36m(setup pid=1704)[0m    â”â”â”â”â”â”â”â”â”â”â”â”â”â”â”â”â”â”â”â”â”â”â”â”â”â”â”â”â”â”â”â”â”â”â”â”â”â”â”â” 219.5/219.5 kB 3.0 MB/s eta 0:00:00
[36m(setup pid=1704)[0m Downloading h11-0.16.0-py3-none-any.whl (37 kB)
[36m(setup pid=1704)[0m Downloading httptools-0.7.1-cp310-cp310-manylinux1_x86_64.manylinux_2_28_x86_64.manylinux_2_5_x86_64.whl (440 kB)
[36m(setup pid=1704)[0m    â”â”â”â”â”â”â”â”â”â”â”â”â”â”â”â”â”â”â”â”â”â”â”â”â”â”â”â”â”â”â”â”â”â”â”â”â”â”â”â” 440.9/440.9 kB 6.2 MB/s eta 0:00:00
[36m(setup pid=1704)[0m Downloading jsonschema_specifications-2025.9.1-py3-none-any.whl (18 kB)
[36m(setup pid=1704)[0m Downloading lxml-6.0.2-cp310-cp310-manylinux_2_26_x86_64.manylinux_2_28_x86_64.whl (5.3 MB)
[36m(setup pid=1704)[0m    â”â”â”â”â”â”â”â”â”â”â”â”â”â”â”â”â”â”â”â”â”â”â”â”â”â”â”â”â”â”â”â”â”â”â”â”â”â”â”â” 5.3/5.3 MB 35.2 MB/s eta 0:00:00
[36m(setup pid=1704)[0m Downloading markdown_it_py-4.0.0-py3-none-any.whl (87 kB)
[36m(setup pid=1704)[0m    â”â”â”â”â”â”â”â”â”â”â”â”â”â”â”â”â”â”â”â”â”â”â”â”â”â”â”â”â”â”â”â”â”â”â”â”â”â”â”â” 87.3/87.3 kB 1.2 MB/s eta 0:00:00
[36m(setup pid=1704)[0m Downloading markupsafe-3.0.3-cp310-cp310-manylinux2014_x86_64.manylinux_2_17_x86_64.manylinux_2_28_x86_64.whl (20 kB)
[36m(setup pid=1704)[0m Downloading multidict-6.7.0-cp310-cp310-manylinux2014_x86_64.manylinux_2_17_x86_64.manylinux_2_28_x86_64.whl (241 kB)
[36m(setup pid=1704)[0m    â”â”â”â”â”â”â”â”â”â”â”â”â”â”â”â”â”â”â”â”â”â”â”â”â”â”â”â”â”â”â”â”â”â”â”â”â”â”â”â” 241.7/241.7 kB 3.2 MB/s eta 0:00:00
[36m(setup pid=1704)[0m Downloading numpy-2.2.6-cp310-cp310-manylinux_2_17_x86_64.manylinux2014_x86_64.whl (16.8 MB)
[36m(setup pid=1704)[0m    â”â”â”â”â”â”â”â”â”â”â”â”â”â”â”â”â”â”â”â”â”â”â”â”â”â”â”â”â”â”â”â”â”â”â”â”â”â”â”â” 16.8/16.8 MB 39.9 MB/s eta 0:00:00
[36m(setup pid=1704)[0m Downloading pillow-12.0.0-cp310-cp310-manylinux_2_27_x86_64.manylinux_2_28_x86_64.whl (7.0 MB)
[36m(setup pid=1704)[0m    â”â”â”â”â”â”â”â”â”â”â”â”â”â”â”â”â”â”â”â”â”â”â”â”â”â”â”â”â”â”â”â”â”â”â”â”â”â”â”â” 7.0/7.0 MB 38.2 MB/s eta 0:00:00
[36m(setup pid=1704)[0m Downloading propcache-0.4.1-cp310-cp310-manylinux2014_x86_64.manylinux_2_17_x86_64.manylinux_2_28_x86_64.whl (196 kB)
[36m(setup pid=1704)[0m    â”â”â”â”â”â”â”â”â”â”â”â”â”â”â”â”â”â”â”â”â”â”â”â”â”â”â”â”â”â”â”â”â”â”â”â”â”â”â”â” 196.9/196.9 kB 2.7 MB/s eta 0:00:00
[36m(setup pid=1704)[0m Downloading pycasbin-2.6.0-py3-none-any.whl (476 kB)
[36m(setup pid=1704)[0m    â”â”â”â”â”â”â”â”â”â”â”â”â”â”â”â”â”â”â”â”â”â”â”â”â”â”â”â”â”â”â”â”â”â”â”â”â”â”â”â” 476.8/476.8 kB 4.8 MB/s eta 0:00:00
[36m(setup pid=1704)[0m Downloading pygments-2.19.2-py3-none-any.whl (1.2 MB)
[36m(setup pid=1704)[0m    â”â”â”â”â”â”â”â”â”â”â”â”â”â”â”â”â”â”â”â”â”â”â”â”â”â”â”â”â”â”â”â”â”â”â”â”â”â”â”â” 1.2/1.2 MB 13.0 MB/s eta 0:00:00
[36m(setup pid=1704)[0m Downloading python_barcode-0.16.1-py3-none-any.whl (228 kB)
[36m(setup pid=1704)[0m    â”â”â”â”â”â”â”â”â”â”â”â”â”â”â”â”â”â”â”â”â”â”â”â”â”â”â”â”â”â”â”â”â”â”â”â”â”â”â”â” 228.0/228.0 kB 3.3 MB/s eta 0:00:00
[36m(setup pid=1704)[0m Downloading qrcode-8.2-py3-none-any.whl (45 kB)
[36m(setup pid=1704)[0m    â”â”â”â”â”â”â”â”â”â”â”â”â”â”â”â”â”â”â”â”â”â”â”â”â”â”â”â”â”â”â”â”â”â”â”â”â”â”â”â” 46.0/46.0 kB 552.2 kB/s eta 0:00:00
[36m(setup pid=1704)[0m Downloading referencing-0.37.0-py3-none-any.whl (26 kB)
[36m(setup pid=1704)[0m Downloading rpds_py-0.30.0-cp310-cp310-manylinux_2_17_x86_64.manylinux2014_x86_64.whl (390 kB)
[36m(setup pid=1704)[0m    â”â”â”â”â”â”â”â”â”â”â”â”â”â”â”â”â”â”â”â”â”â”â”â”â”â”â”â”â”â”â”â”â”â”â”â”â”â”â”â” 390.5/390.5 kB 5.7 MB/s eta 0:00:00
[36m(setup pid=1704)[0m Downloading simpleeval-1.0.3-py3-none-any.whl (15 kB)
[36m(setup pid=1704)[0m Downloading six-1.17.0-py2.py3-none-any.whl (11 kB)
[36m(setup pid=1704)[0m Downloading smmap-5.0.2-py3-none-any.whl (24 kB)
[36m(setup pid=1704)[0m Downloading starlette-0.50.0-py3-none-any.whl (74 kB)
[36m(setup pid=1704)[0m    â”â”â”â”â”â”â”â”â”â”â”â”â”â”â”â”â”â”â”â”â”â”â”â”â”â”â”â”â”â”â”â”â”â”â”â”â”â”â”â” 74.0/74.0 kB 988.2 kB/s eta 0:00:00
[36m(setup pid=1704)[0m Downloading typing_inspection-0.4.2-py3-none-any.whl (14 kB)
[36m(setup pid=1704)[0m Downloading tzdata-2025.2-py2.py3-none-any.whl (347 kB)
[36m(setup pid=1704)[0m    â”â”â”â”â”â”â”â”â”â”â”â”â”â”â”â”â”â”â”â”â”â”â”â”â”â”â”â”â”â”â”â”â”â”â”â”â”â”â”â” 347.8/347.8 kB 5.1 MB/s eta 0:00:00
[36m(setup pid=1704)[0m Downloading uvloop-0.22.1-cp310-cp310-manylinux2014_x86_64.manylinux_2_17_x86_64.manylinux_2_28_x86_64.whl (3.7 MB)
[36m(setup pid=1704)[0m    â”â”â”â”â”â”â”â”â”â”â”â”â”â”â”â”â”â”â”â”â”â”â”â”â”â”â”â”â”â”â”â”â”â”â”â”â”â”â”â” 3.7/3.7 MB 28.8 MB/s eta 0:00:00
[36m(setup pid=1704)[0m Downloading watchfiles-1.1.1-cp310-cp310-manylinux_2_17_x86_64.manylinux2014_x86_64.whl (455 kB)
[36m(setup pid=1704)[0m    â”â”â”â”â”â”â”â”â”â”â”â”â”â”â”â”â”â”â”â”â”â”â”â”â”â”â”â”â”â”â”â”â”â”â”â”â”â”â”â” 455.6/455.6 kB 6.4 MB/s eta 0:00:00
[36m(setup pid=1704)[0m Downloading websockets-15.0.1-cp310-cp310-manylinux_2_5_x86_64.manylinux1_x86_64.manylinux_2_17_x86_64.manylinux2014_x86_64.whl (181 kB)
[36m(setup pid=1704)[0m    â”â”â”â”â”â”â”â”â”â”â”â”â”â”â”â”â”â”â”â”â”â”â”â”â”â”â”â”â”â”â”â”â”â”â”â”â”â”â”â” 181.6/181.6 kB 2.6 MB/s eta 0:00:00
[36m(setup pid=1704)[0m Downloading yarl-1.22.0-cp310-cp310-manylinux2014_x86_64.manylinux_2_17_x86_64.manylinux_2_28_x86_64.whl (346 kB)
[36m(setup pid=1704)[0m    â”â”â”â”â”â”â”â”â”â”â”â”â”â”â”â”â”â”â”â”â”â”â”â”â”â”â”â”â”â”â”â”â”â”â”â”â”â”â”â” 347.0/347.0 kB 5.2 MB/s eta 0:00:00
[36m(setup pid=1704)[0m Downloading mako-1.3.10-py3-none-any.whl (78 kB)
[36m(setup pid=1704)[0m    â”â”â”â”â”â”â”â”â”â”â”â”â”â”â”â”â”â”â”â”â”â”â”â”â”â”â”â”â”â”â”â”â”â”â”â”â”â”â”â” 78.5/78.5 kB 1.1 MB/s eta 0:00:00
[36m(setup pid=1704)[0m Downloading tomli-2.3.0-py3-none-any.whl (14 kB)
[36m(setup pid=1704)[0m Downloading wcwidth-0.2.14-py2.py3-none-any.whl (37 kB)
[36m(setup pid=1704)[0m Downloading mdurl-0.1.2-py3-none-any.whl (10.0 kB)
[36m(setup pid=1704)[0m Downloading wcmatch-10.1-py3-none-any.whl (39 kB)
[36m(setup pid=1704)[0m Downloading bracex-2.6-py3-none-any.whl (11 kB)
[36m(setup pid=1704)[0m Installing collected packages: pytz, passlib, xdg, websockets, wcwidth, uvloop, tzdata, typing-extensions, tomli, tabulate, smmap, six, simpleeval, setproctitle, sentry-sdk, rpds-py, qrcode, pyyaml, python-multipart, python-dotenv, python-barcode, pyparsing, pyjwt, pygments, pulp, psycopg2-binary, psutil, protobuf, propcache, prometheus_client, Pillow, orjson, numpy, networkx, mdurl, MarkupSafe, lxml, ijson, httptools, h11, greenlet, frozenlist, fonttools, filelock, colorama, click, cachetools, bracex, beartype, bcrypt, attrs, asyncio, async-timeout, annotated-types, annotated-doc, aiohappyeyeballs, aiofiles, wcmatch, uvicorn, typing-inspection, sqlalchemy, referencing, python-dateutil, pydantic-core, PrettyTable, multidict, markdown-it-py, Mako, jinja2, httpcore, grpcio, gitdb, exceptiongroup, casbin, asyncpg, aiosqlite, aiosignal, yarl, types-paramiko, rich, pydantic, pycasbin, pendulum, pandas, jsonschema-specifications, GitPython, borb, anyio, alembic, watchfiles, wandb, starlette, sqlalchemy_adapter, jsonschema, httpx, aiohttp, vastai-sdk, fastapi, skypilot
[36m(setup pid=1704)[0m Successfully installed GitPython-3.1.45 Mako-1.3.10 MarkupSafe-3.0.3 Pillow-12.0.0 PrettyTable-3.17.0 aiofiles-25.1.0 aiohappyeyeballs-2.6.1 aiohttp-3.13.2 aiosignal-1.4.0 aiosqlite-0.21.0 alembic-1.17.2 annotated-doc-0.0.4 annotated-types-0.7.0 anyio-4.12.0 async-timeout-5.0.1 asyncio-4.0.0 asyncpg-0.31.0 attrs-25.4.0 bcrypt-4.0.1 beartype-0.22.8 borb-2.1.25 bracex-2.6 cachetools-6.2.2 casbin-1.43.0 click-8.1.8 colorama-0.4.6 exceptiongroup-1.3.1 fastapi-0.123.5 filelock-3.20.0 fonttools-4.61.0 frozenlist-1.8.0 gitdb-4.0.12 greenlet-3.2.4 grpcio-1.76.0 h11-0.16.0 httpcore-1.0.9 httptools-0.7.1 httpx-0.28.1 ijson-3.4.0.post0 jinja2-3.1.6 jsonschema-4.25.1 jsonschema-specifications-2025.9.1 lxml-6.0.2 markdown-it-py-4.0.0 mdurl-0.1.2 multidict-6.7.0 networkx-3.4.2 numpy-2.2.6 orjson-3.11.4 pandas-2.3.3 passlib-1.7.4 pendulum-3.1.0 prometheus_client-0.23.1 propcache-0.4.1 protobuf-6.33.1 psutil-7.1.3 psycopg2-binary-2.9.11 pulp-3.3.0 pycasbin-2.6.0 pydantic-2.12.5 pydantic-core-2.41.5 pygments-2.19.2 pyjwt-2.10.1 pyparsing-3.2.5 python-barcode-0.16.1 python-dateutil-2.9.0.post0 python-dotenv-1.2.1 python-multipart-0.0.20 pytz-2025.2 pyyaml-6.0.3 qrcode-8.2 referencing-0.37.0 rich-14.2.0 rpds-py-0.30.0 sentry-sdk-2.47.0 setproctitle-1.3.7 simpleeval-1.0.3 six-1.17.0 skypilot-0.10.5 smmap-5.0.2 sqlalchemy-2.0.44 sqlalchemy_adapter-1.9.0 starlette-0.50.0 tabulate-0.9.0 tomli-2.3.0 types-paramiko-4.0.0.20250822 typing-extensions-4.15.0 typing-inspection-0.4.2 tzdata-2025.2 uvicorn-0.35.0 uvloop-0.22.1 vastai-sdk-0.2.5 wandb-0.23.1 watchfiles-1.1.1 wcmatch-10.1 wcwidth-0.2.14 websockets-15.0.1 xdg-6.0.0 yarl-1.22.0
[36m(setup pid=1704)[0m WARNING: Running pip as the 'root' user can result in broken permissions and conflicting behaviour with the system package manager. It is recommended to use a virtual environment instead: https://pip.pypa.io/warnings/venv
[36m(setup pid=1704)[0m Obtaining file:///root/sky_workdir
[36m(setup pid=1704)[0m   Preparing metadata (setup.py): started
[36m(setup pid=1704)[0m   Preparing metadata (setup.py): finished with status 'done'
'sky.logs' request 30fc4b41-9069-478b-92b8-a20ed42ee3da cancelled


=== Log streaming error ===
[33mCurrent 'sky.logs' request (30fc4b41-9069-478b-92b8-a20ed42ee3da) is cancelled by another process.[0m
sky.exceptions.RequestCancelled: [33mCurrent 'sky.logs' request (30fc4b41-9069-478b-92b8-a20ed42ee3da) is cancelled by another process.[0m
